<?xml version="1.0" encoding="UTF-8" ?>
<testsuite failures="0" time="2.59" errors="0" skipped="0" tests="3" name="org.mule.devkit.it.CollectionModuleTest">
  <properties>
[...]
</properties>
  <testcase time="1.537" classname="org.mule.devkit.it.CollectionModuleTest" name="testList"/>
  <testcase time="0.511" classname="org.mule.devkit.it.CollectionModuleTest" name="testConfigStrings"/>
  <testcase time="0.438" classname="org.mule.devkit.it.CollectionModuleTest" name="testConfigItems"/>
</testsuite>